May 14 20:50:22.946[36m [INFO] [ADBClient] [0mCreating ADB client on port 5037
May 14 20:50:22.957[36m [INFO] [AABClient] [0mCreating AAB client...
May 14 20:50:22.957[36m [INFO] [AABClient] [BundleTool] [0mCreating AAB client...
May 14 20:50:22.958[36m [INFO] [ADBClient] [0mStarting ADB server...
May 14 20:50:25.198[36m [INFO] [AABClient] [0mStarting AAB client...
May 14 20:50:25.198[36m [INFO] [AABClient] [BundleTool] [0mChecking bundletool v1.10.0 on C:\Users\nosach\AppData\Local\Temp\bundletool\1.10.0\bundletool-all-1.10.0.jar...
May 14 20:50:25.198[36m [INFO] [ADBClient] [0mStarting device watcher...
May 14 20:50:25.198[36m [INFO] [AABClient] [BundleTool] [0mBundletool v1.10.0 is installed.
May 14 20:50:25.511[36m [INFO] [ADBClient] [0mDevice R58N819VF0L changed state to StateOnline
May 14 20:51:32.942[36m [INFO] [ADBClient] [0mStopping ADB client...
May 14 20:51:32.942[37m [DEBU] [ADBClient] [0mDevice watcher stopped.
May 14 20:51:33.245[36m [INFO] [AABClient] [0mStopping AAB client...
May 14 20:51:41.141[36m [INFO] [ADBClient] [0mCreating ADB client on port 5037
May 14 20:51:41.152[36m [INFO] [AABClient] [0mCreating AAB client...
May 14 20:51:41.152[36m [INFO] [AABClient] [BundleTool] [0mCreating AAB client...
May 14 20:51:41.152[36m [INFO] [ADBClient] [0mStarting ADB server...
May 14 20:51:43.265[36m [INFO] [AABClient] [0mStarting AAB client...
May 14 20:51:43.265[36m [INFO] [ADBClient] [0mStarting device watcher...
May 14 20:51:43.265[36m [INFO] [AABClient] [BundleTool] [0mChecking bundletool v1.10.0 on C:\Users\nosach\AppData\Local\Temp\bundletool\1.10.0\bundletool-all-1.10.0.jar...
May 14 20:51:43.266[36m [INFO] [AABClient] [BundleTool] [0mBundletool v1.10.0 is installed.
May 14 20:51:43.576[36m [INFO] [ADBClient] [0mDevice R58N819VF0L changed state to StateOnline
May 14 20:51:49.723[36m [INFO] [ADBClient] [0mStopping ADB client...
May 14 20:51:49.723[37m [DEBU] [ADBClient] [0mDevice watcher stopped.
May 14 20:51:50.030[36m [INFO] [AABClient] [0mStopping AAB client...
May 14 20:52:24.004[36m [INFO] [ADBClient] [0mCreating ADB client on port 5037
May 14 20:52:24.015[36m [INFO] [AABClient] [0mCreating AAB client...
May 14 20:52:24.015[36m [INFO] [AABClient] [BundleTool] [0mCreating AAB client...
May 14 20:52:24.015[36m [INFO] [ADBClient] [0mStarting ADB server...
May 14 20:52:26.143[36m [INFO] [AABClient] [0mStarting AAB client...
May 14 20:52:26.143[36m [INFO] [ADBClient] [0mStarting device watcher...
May 14 20:52:26.143[36m [INFO] [AABClient] [BundleTool] [0mChecking bundletool v1.10.0 on C:\Users\nosach\AppData\Local\Temp\bundletool\1.10.0\bundletool-all-1.10.0.jar...
May 14 20:52:26.143[36m [INFO] [AABClient] [BundleTool] [0mBundletool v1.10.0 is installed.
May 14 20:52:26.454[36m [INFO] [ADBClient] [0mDevice R58N819VF0L changed state to StateOnline
May 14 20:52:52.236[36m [INFO] [ADBClient] [0mStopping ADB client...
May 14 20:52:52.236[37m [DEBU] [ADBClient] [0mDevice watcher stopped.
May 14 20:52:52.548[36m [INFO] [AABClient] [0mStopping AAB client...
